# JRE version: OpenJDK Runtime Environment (8.0_76-b03) (build 1.8.0_76-release-b03)
# Java VM: OpenJDK 64-Bit Server VM (25.76-b03 mixed mode windows-amd64 compressed oops)
Heap:
 PSYoungGen      total 348672K, used 34609K [0x00000000e0000000, 0x0000000100000000, 0x0000000100000000)
  eden space 329216K, 7% used [0x00000000e0000000,0x00000000e178e700,0x00000000f4180000)
  from space 19456K, 53% used [0x00000000f4180000,0x00000000f4bbdda0,0x00000000f5480000)
  to   space 18944K, 0% used [0x00000000fed80000,0x00000000fed80000,0x0000000100000000)
 ParOldGen       total 82432K, used 63160K [0x00000000a0000000, 0x00000000a5080000, 0x00000000e0000000)
  object space 82432K, 76% used [0x00000000a0000000,0x00000000a3dae2c8,0x00000000a5080000)
 Metaspace       used 74939K, capacity 78566K, committed 78896K, reserved 1118208K
  class space    used 9916K, capacity 10699K, committed 10800K, reserved 1048576K
GC Heap History (10 events):
Event: 245.640 GC heap before
{Heap before GC invocations=18 (full 4):
 PSYoungGen      total 235520K, used 216576K [0x00000000e0000000, 0x00000000efa80000, 0x0000000100000000)
  eden space 216576K, 100% used [0x00000000e0000000,0x00000000ed380000,0x00000000ed380000)
  from space 18944K, 0% used [0x00000000ed380000,0x00000000ed380000,0x00000000ee600000)
  to   space 17920K, 0% used [0x00000000ee900000,0x00000000ee900000,0x00000000efa80000)
 ParOldGen       total 82432K, used 45376K [0x00000000a0000000, 0x00000000a5080000, 0x00000000e0000000)
  object space 82432K, 55% used [0x00000000a0000000,0x00000000a2c50108,0x00000000a5080000)
 Metaspace       used 62712K, capacity 65440K, committed 65712K, reserved 1105920K
  class space    used 8468K, capacity 9020K, committed 9136K, reserved 1048576K
Event: 246.059 GC heap after
Heap after GC invocations=18 (full 4):
 PSYoungGen      total 235520K, used 17904K [0x00000000e0000000, 0x00000000f6d00000, 0x0000000100000000)
  eden space 217600K, 0% used [0x00000000e0000000,0x00000000e0000000,0x00000000ed480000)
  from space 17920K, 99% used [0x00000000ee900000,0x00000000efa7c198,0x00000000efa80000)
  to   space 20992K, 0% used [0x00000000ed480000,0x00000000ed480000,0x00000000ee900000)
 ParOldGen       total 82432K, used 46647K [0x00000000a0000000, 0x00000000a5080000, 0x00000000e0000000)
  object space 82432K, 56% used [0x00000000a0000000,0x00000000a2d8dd28,0x00000000a5080000)
 Metaspace       used 62712K, capacity 65440K, committed 65712K, reserved 1105920K
  class space    used 8468K, capacity 9020K, committed 9136K, reserved 1048576K
}
Event: 248.743 GC heap before
{Heap before GC invocations=19 (full 4):
 PSYoungGen      total 235520K, used 74916K [0x00000000e0000000, 0x00000000f6d00000, 0x0000000100000000)
  eden space 217600K, 26% used [0x00000000e0000000,0x00000000e37ace78,0x00000000ed480000)
  from space 17920K, 99% used [0x00000000ee900000,0x00000000efa7c198,0x00000000efa80000)
  to   space 20992K, 0% used [0x00000000ed480000,0x00000000ed480000,0x00000000ee900000)
 ParOldGen       total 82432K, used 46647K [0x00000000a0000000, 0x00000000a5080000, 0x00000000e0000000)
  object space 82432K, 56% used [0x00000000a0000000,0x00000000a2d8dd28,0x00000000a5080000)
 Metaspace       used 65858K, capacity 68902K, committed 69040K, reserved 1107968K
  class space    used 8868K, capacity 9524K, committed 9648K, reserved 1048576K
Event: 248.929 GC heap after
Heap after GC invocations=19 (full 4):
 PSYoungGen      total 238592K, used 6762K [0x00000000e0000000, 0x00000000f6c00000, 0x0000000100000000)
  eden space 217600K, 0% used [0x00000000e0000000,0x00000000e0000000,0x00000000ed480000)
  from space 20992K, 32% used [0x00000000ed480000,0x00000000edb1a978,0x00000000ee900000)
  to   space 20480K, 0% used [0x00000000f5800000,0x00000000f5800000,0x00000000f6c00000)
 ParOldGen       total 82432K, used 56409K [0x00000000a0000000, 0x00000000a5080000, 0x00000000e0000000)
  object space 82432K, 68% used [0x00000000a0000000,0x00000000a3716540,0x00000000a5080000)
 Metaspace       used 65858K, capacity 68902K, committed 69040K, reserved 1107968K
  class space    used 8868K, capacity 9524K, committed 9648K, reserved 1048576K
}
Event: 248.929 GC heap before
{Heap before GC invocations=20 (full 5):
 PSYoungGen      total 238592K, used 6762K [0x00000000e0000000, 0x00000000f6c00000, 0x0000000100000000)
  eden space 217600K, 0% used [0x00000000e0000000,0x00000000e0000000,0x00000000ed480000)
  from space 20992K, 32% used [0x00000000ed480000,0x00000000edb1a978,0x00000000ee900000)
  to   space 20480K, 0% used [0x00000000f5800000,0x00000000f5800000,0x00000000f6c00000)
 ParOldGen       total 82432K, used 56409K [0x00000000a0000000, 0x00000000a5080000, 0x00000000e0000000)
  object space 82432K, 68% used [0x00000000a0000000,0x00000000a3716540,0x00000000a5080000)
 Metaspace       used 65858K, capacity 68902K, committed 69040K, reserved 1107968K
  class space    used 8868K, capacity 9524K, committed 9648K, reserved 1048576K
Event: 250.574 GC heap after
Heap after GC invocations=20 (full 5):
 PSYoungGen      total 238592K, used 0K [0x00000000e0000000, 0x00000000f6c00000, 0x0000000100000000)
  eden space 217600K, 0% used [0x00000000e0000000,0x00000000e0000000,0x00000000ed480000)
  from space 20992K, 0% used [0x00000000ed480000,0x00000000ed480000,0x00000000ee900000)
  to   space 20480K, 0% used [0x00000000f5800000,0x00000000f5800000,0x00000000f6c00000)
 ParOldGen       total 82432K, used 57840K [0x00000000a0000000, 0x00000000a5080000, 0x00000000e0000000)
  object space 82432K, 70% used [0x00000000a0000000,0x00000000a387c178,0x00000000a5080000)
 Metaspace       used 65858K, capacity 68902K, committed 69040K, reserved 1107968K
  class space    used 8868K, capacity 9524K, committed 9648K, reserved 1048576K
}
Event: 2714.749 GC heap before
{Heap before GC invocations=21 (full 5):
 PSYoungGen      total 238592K, used 217600K [0x00000000e0000000, 0x00000000f6c00000, 0x0000000100000000)
  eden space 217600K, 100% used [0x00000000e0000000,0x00000000ed480000,0x00000000ed480000)
  from space 20992K, 0% used [0x00000000ed480000,0x00000000ed480000,0x00000000ee900000)
  to   space 20480K, 0% used [0x00000000f5800000,0x00000000f5800000,0x00000000f6c00000)
 ParOldGen       total 82432K, used 57840K [0x00000000a0000000, 0x00000000a5080000, 0x00000000e0000000)
  object space 82432K, 70% used [0x00000000a0000000,0x00000000a387c178,0x00000000a5080000)
 Metaspace       used 68698K, capacity 72004K, committed 72112K, reserved 1112064K
  class space    used 9189K, capacity 9877K, committed 9904K, reserved 1048576K
Event: 2727.612 GC heap after
Heap after GC invocations=21 (full 5):
 PSYoungGen      total 345088K, used 8538K [0x00000000e0000000, 0x00000000f6780000, 0x0000000100000000)
  eden space 329216K, 0% used [0x00000000e0000000,0x00000000e0000000,0x00000000f4180000)
  from space 15872K, 53% used [0x00000000f5800000,0x00000000f6056b90,0x00000000f6780000)
  to   space 19456K, 0% used [0x00000000f4180000,0x00000000f4180000,0x00000000f5480000)
 ParOldGen       total 82432K, used 57848K [0x00000000a0000000, 0x00000000a5080000, 0x00000000e0000000)
  object space 82432K, 70% used [0x00000000a0000000,0x00000000a387e178,0x00000000a5080000)
 Metaspace       used 68698K, capacity 72004K, committed 72112K, reserved 1112064K
  class space    used 9189K, capacity 9877K, committed 9904K, reserved 1048576K
}
Event: 2775.409 GC heap before
{Heap before GC invocations=22 (full 5):
 PSYoungGen      total 345088K, used 337754K [0x00000000e0000000, 0x00000000f6780000, 0x0000000100000000)
  eden space 329216K, 100% used [0x00000000e0000000,0x00000000f4180000,0x00000000f4180000)
  from space 15872K, 53% used [0x00000000f5800000,0x00000000f6056b90,0x00000000f6780000)
  to   space 19456K, 0% used [0x00000000f4180000,0x00000000f4180000,0x00000000f5480000)
 ParOldGen       total 82432K, used 57848K [0x00000000a0000000, 0x00000000a5080000, 0x00000000e0000000)
  object space 82432K, 70% used [0x00000000a0000000,0x00000000a387e178,0x00000000a5080000)
 Metaspace       used 74146K, capacity 77734K, committed 78000K, reserved 1116160K
  class space    used 9843K, capacity 10571K, committed 10672K, reserved 1048576K
Event: 2776.074 GC heap after
Heap after GC invocations=22 (full 5):
 PSYoungGen      total 348672K, used 10487K [0x00000000e0000000, 0x0000000100000000, 0x0000000100000000)
  eden space 329216K, 0% used [0x00000000e0000000,0x00000000e0000000,0x00000000f4180000)
  from space 19456K, 53% used [0x00000000f4180000,0x00000000f4bbdda0,0x00000000f5480000)
  to   space 18944K, 0% used [0x00000000fed80000,0x00000000fed80000,0x0000000100000000)
 ParOldGen       total 82432K, used 63160K [0x00000000a0000000, 0x00000000a5080000, 0x00000000e0000000)
  object space 82432K, 76% used [0x00000000a0000000,0x00000000a3dae2c8,0x00000000a5080000)
 Metaspace       used 74146K, capacity 77734K, committed 78000K, reserved 1116160K
  class space    used 9843K, capacity 10571K, committed 10672K, reserved 1048576K
}

