# JRE version: OpenJDK Runtime Environment (8.0_76-b03) (build 1.8.0_76-release-b03)
# Java VM: OpenJDK 64-Bit Server VM (25.76-b03 mixed mode windows-amd64 compressed oops)
Heap:
 PSYoungGen      total 210432K, used 19512K [0x00000000e0000000, 0x00000000eeb00000, 0x0000000100000000)
  eden space 193536K, 6% used [0x00000000e0000000,0x00000000e0b5e1f0,0x00000000ebd00000)
  from space 16896K, 46% used [0x00000000eda80000,0x00000000ee230000,0x00000000eeb00000)
  to   space 23552K, 0% used [0x00000000ebd00000,0x00000000ebd00000,0x00000000ed400000)
 ParOldGen       total 62464K, used 44935K [0x00000000a0000000, 0x00000000a3d00000, 0x00000000e0000000)
  object space 62464K, 71% used [0x00000000a0000000,0x00000000a2be1da8,0x00000000a3d00000)
 Metaspace       used 59608K, capacity 62014K, committed 62248K, reserved 1103872K
  class space    used 7861K, capacity 8397K, committed 8488K, reserved 1048576K
GC Heap History (10 events):
Event: 33.149 GC heap before
{Heap before GC invocations=15 (full 2):
 PSYoungGen      total 164864K, used 77007K [0x00000000e0000000, 0x00000000ec280000, 0x0000000100000000)
  eden space 149504K, 41% used [0x00000000e0000000,0x00000000e3c3bc60,0x00000000e9200000)
  from space 15360K, 99% used [0x00000000ea680000,0x00000000eb5781e8,0x00000000eb580000)
  to   space 20992K, 0% used [0x00000000e9200000,0x00000000e9200000,0x00000000ea680000)
 ParOldGen       total 62464K, used 31499K [0x00000000a0000000, 0x00000000a3d00000, 0x00000000e0000000)
  object space 62464K, 50% used [0x00000000a0000000,0x00000000a1ec2f90,0x00000000a3d00000)
 Metaspace       used 54617K, capacity 56608K, committed 56744K, reserved 1097728K
  class space    used 7379K, capacity 7838K, committed 7848K, reserved 1048576K
Event: 33.318 GC heap after
Heap after GC invocations=15 (full 2):
 PSYoungGen      total 170496K, used 20964K [0x00000000e0000000, 0x00000000eca80000, 0x0000000100000000)
  eden space 149504K, 0% used [0x00000000e0000000,0x00000000e0000000,0x00000000e9200000)
  from space 20992K, 99% used [0x00000000e9200000,0x00000000ea679058,0x00000000ea680000)
  to   space 25088K, 0% used [0x00000000eb200000,0x00000000eb200000,0x00000000eca80000)
 ParOldGen       total 62464K, used 33220K [0x00000000a0000000, 0x00000000a3d00000, 0x00000000e0000000)
  object space 62464K, 53% used [0x00000000a0000000,0x00000000a2071270,0x00000000a3d00000)
 Metaspace       used 54617K, capacity 56608K, committed 56744K, reserved 1097728K
  class space    used 7379K, capacity 7838K, committed 7848K, reserved 1048576K
}
Event: 33.318 GC heap before
{Heap before GC invocations=16 (full 3):
 PSYoungGen      total 170496K, used 20964K [0x00000000e0000000, 0x00000000eca80000, 0x0000000100000000)
  eden space 149504K, 0% used [0x00000000e0000000,0x00000000e0000000,0x00000000e9200000)
  from space 20992K, 99% used [0x00000000e9200000,0x00000000ea679058,0x00000000ea680000)
  to   space 25088K, 0% used [0x00000000eb200000,0x00000000eb200000,0x00000000eca80000)
 ParOldGen       total 62464K, used 33220K [0x00000000a0000000, 0x00000000a3d00000, 0x00000000e0000000)
  object space 62464K, 53% used [0x00000000a0000000,0x00000000a2071270,0x00000000a3d00000)
 Metaspace       used 54617K, capacity 56608K, committed 56744K, reserved 1097728K
  class space    used 7379K, capacity 7838K, committed 7848K, reserved 1048576K
Event: 33.948 GC heap after
Heap after GC invocations=16 (full 3):
 PSYoungGen      total 170496K, used 0K [0x00000000e0000000, 0x00000000eca80000, 0x0000000100000000)
  eden space 149504K, 0% used [0x00000000e0000000,0x00000000e0000000,0x00000000e9200000)
  from space 20992K, 0% used [0x00000000e9200000,0x00000000e9200000,0x00000000ea680000)
  to   space 25088K, 0% used [0x00000000eb200000,0x00000000eb200000,0x00000000eca80000)
 ParOldGen       total 62464K, used 44911K [0x00000000a0000000, 0x00000000a3d00000, 0x00000000e0000000)
  object space 62464K, 71% used [0x00000000a0000000,0x00000000a2bdbda8,0x00000000a3d00000)
 Metaspace       used 54617K, capacity 56608K, committed 56744K, reserved 1097728K
  class space    used 7379K, capacity 7838K, committed 7848K, reserved 1048576K
}
Event: 59.881 GC heap before
{Heap before GC invocations=17 (full 3):
 PSYoungGen      total 170496K, used 149504K [0x00000000e0000000, 0x00000000eca80000, 0x0000000100000000)
  eden space 149504K, 100% used [0x00000000e0000000,0x00000000e9200000,0x00000000e9200000)
  from space 20992K, 0% used [0x00000000e9200000,0x00000000e9200000,0x00000000ea680000)
  to   space 25088K, 0% used [0x00000000eb200000,0x00000000eb200000,0x00000000eca80000)
 ParOldGen       total 62464K, used 44911K [0x00000000a0000000, 0x00000000a3d00000, 0x00000000e0000000)
  object space 62464K, 71% used [0x00000000a0000000,0x00000000a2bdbda8,0x00000000a3d00000)
 Metaspace       used 57377K, capacity 59548K, committed 59688K, reserved 1101824K
  class space    used 7672K, capacity 8138K, committed 8232K, reserved 1048576K
Event: 59.908 GC heap after
Heap after GC invocations=17 (full 3):
 PSYoungGen      total 183296K, used 7124K [0x00000000e0000000, 0x00000000eea80000, 0x0000000100000000)
  eden space 158208K, 0% used [0x00000000e0000000,0x00000000e0000000,0x00000000e9a80000)
  from space 25088K, 28% used [0x00000000eb200000,0x00000000eb8f51f0,0x00000000eca80000)
  to   space 24064K, 0% used [0x00000000e9a80000,0x00000000e9a80000,0x00000000eb200000)
 ParOldGen       total 62464K, used 44919K [0x00000000a0000000, 0x00000000a3d00000, 0x00000000e0000000)
  object space 62464K, 71% used [0x00000000a0000000,0x00000000a2bddda8,0x00000000a3d00000)
 Metaspace       used 57377K, capacity 59548K, committed 59688K, reserved 1101824K
  class space    used 7672K, capacity 8138K, committed 8232K, reserved 1048576K
}
Event: 69.557 GC heap before
{Heap before GC invocations=18 (full 3):
 PSYoungGen      total 183296K, used 165332K [0x00000000e0000000, 0x00000000eea80000, 0x0000000100000000)
  eden space 158208K, 100% used [0x00000000e0000000,0x00000000e9a80000,0x00000000e9a80000)
  from space 25088K, 28% used [0x00000000eb200000,0x00000000eb8f51f0,0x00000000eca80000)
  to   space 24064K, 0% used [0x00000000e9a80000,0x00000000e9a80000,0x00000000eb200000)
 ParOldGen       total 62464K, used 44919K [0x00000000a0000000, 0x00000000a3d00000, 0x00000000e0000000)
  object space 62464K, 71% used [0x00000000a0000000,0x00000000a2bddda8,0x00000000a3d00000)
 Metaspace       used 58706K, capacity 60838K, committed 61096K, reserved 1101824K
  class space    used 7800K, capacity 8281K, committed 8360K, reserved 1048576K
Event: 69.617 GC heap after
Heap after GC invocations=18 (full 3):
 PSYoungGen      total 182272K, used 14488K [0x00000000e0000000, 0x00000000ef280000, 0x0000000100000000)
  eden space 158208K, 0% used [0x00000000e0000000,0x00000000e0000000,0x00000000e9a80000)
  from space 24064K, 60% used [0x00000000e9a80000,0x00000000ea8a60f8,0x00000000eb200000)
  to   space 24576K, 0% used [0x00000000eda80000,0x00000000eda80000,0x00000000ef280000)
 ParOldGen       total 62464K, used 44927K [0x00000000a0000000, 0x00000000a3d00000, 0x00000000e0000000)
  object space 62464K, 71% used [0x00000000a0000000,0x00000000a2bdfda8,0x00000000a3d00000)
 Metaspace       used 58706K, capacity 60838K, committed 61096K, reserved 1101824K
  class space    used 7800K, capacity 8281K, committed 8360K, reserved 1048576K
}
Event: 122.338 GC heap before
{Heap before GC invocations=19 (full 3):
 PSYoungGen      total 182272K, used 172696K [0x00000000e0000000, 0x00000000ef280000, 0x0000000100000000)
  eden space 158208K, 100% used [0x00000000e0000000,0x00000000e9a80000,0x00000000e9a80000)
  from space 24064K, 60% used [0x00000000e9a80000,0x00000000ea8a60f8,0x00000000eb200000)
  to   space 24576K, 0% used [0x00000000eda80000,0x00000000eda80000,0x00000000ef280000)
 ParOldGen       total 62464K, used 44927K [0x00000000a0000000, 0x00000000a3d00000, 0x00000000e0000000)
  object space 62464K, 71% used [0x00000000a0000000,0x00000000a2bdfda8,0x00000000a3d00000)
 Metaspace       used 59599K, capacity 62014K, committed 62248K, reserved 1103872K
  class space    used 7861K, capacity 8397K, committed 8488K, reserved 1048576K
Event: 122.400 GC heap after
Heap after GC invocations=19 (full 3):
 PSYoungGen      total 210432K, used 7872K [0x00000000e0000000, 0x00000000eeb00000, 0x0000000100000000)
  eden space 193536K, 0% used [0x00000000e0000000,0x00000000e0000000,0x00000000ebd00000)
  from space 16896K, 46% used [0x00000000eda80000,0x00000000ee230000,0x00000000eeb00000)
  to   space 23552K, 0% used [0x00000000ebd00000,0x00000000ebd00000,0x00000000ed400000)
 ParOldGen       total 62464K, used 44935K [0x00000000a0000000, 0x00000000a3d00000, 0x00000000e0000000)
  object space 62464K, 71% used [0x00000000a0000000,0x00000000a2be1da8,0x00000000a3d00000)
 Metaspace       used 59599K, capacity 62014K, committed 62248K, reserved 1103872K
  class space    used 7861K, capacity 8397K, committed 8488K, reserved 1048576K
}

